[17:21:49] [modloading-worker-0/INFO] ========================================
[17:21:49] [modloading-worker-0/INFO] Minecraft: 1.20.1
[17:21:49] [modloading-worker-0/INFO] Side: server
[17:21:49] [modloading-worker-0/INFO] Development: false
[17:21:49] [modloading-worker-0/INFO] Version: 12.1.785
[17:21:49] [modloading-worker-0/INFO] Loader:
[17:21:49] [modloading-worker-0/INFO] - Forge: 47.3.7
[17:21:49] [modloading-worker-0/INFO] Dependencies:
[17:21:49] [modloading-worker-0/INFO] - Cloth Config: 11.1.136
[17:21:49] [modloading-worker-0/INFO] - Architectury: 9.2.14
[17:21:49] [modloading-worker-0/INFO] Mixin: 0.8.5
[17:21:49] [modloading-worker-0/INFO] OS: Linux 6.8.0-1021-azure (amd64)
[17:21:49] [modloading-worker-0/INFO] Java: 17.0.14 (Ubuntu)
[17:21:49] [modloading-worker-0/INFO] ========================================
[17:21:49] [modloading-worker-0/INFO] Mods:
[17:21:49] [modloading-worker-0/INFO] - architectury: 9.2.14
[17:21:49] [modloading-worker-0/INFO] - capture_xp: 1.5-forge-1.0.1
[17:21:49] [modloading-worker-0/INFO] - cloth_config: 11.1.136
[17:21:49] [modloading-worker-0/INFO] - cobblemon: 1.5.2+1.20.1
[17:21:49] [modloading-worker-0/INFO] - forge: 47.3.7
[17:21:49] [modloading-worker-0/INFO] - jei: 15.20.0.106
[17:21:49] [modloading-worker-0/INFO] - journeymap: 5.10.3
[17:21:49] [modloading-worker-0/INFO] - kotlinforforge: 4.10.0
[17:21:49] [modloading-worker-0/INFO] - minecraft: 1.20.1
[17:21:49] [modloading-worker-0/INFO] - roughlyenoughitems: 12.1.785
[17:21:49] [modloading-worker-0/INFO] - travelersbackpack: 9.1.33
[17:21:49] [modloading-worker-0/INFO] ========================================
[17:21:49] [modloading-worker-0/INFO] [REI] Registered plugin provider DefaultPluginImpl [roughlyenoughitems] for REIServerPlugin
[17:21:49] [modloading-worker-0/INFO] [REI] Registered plugin provider DefaultPluginImpl [roughlyenoughitems] for REIPlugin
[17:21:49] [modloading-worker-0/INFO] [REI] Registered plugin provider DefaultRuntimePlugin [roughlyenoughitems] for REIServerPlugin
[17:21:49] [modloading-worker-0/INFO] [REI] Registered plugin provider DefaultRuntimePlugin [roughlyenoughitems] for REIPlugin
[17:21:57] [Worker-Main-3/DEBUG] [REI] Processed 0 tags in 27.80 μs for minecraft:worldgen/flat_level_generator_preset
[17:21:57] [Worker-Main-3/DEBUG] [REI] Processed 3 tags in 919.2 μs for minecraft:fluid
[17:21:57] [Worker-Main-2/DEBUG] [REI] Processed 0 tags in 15.41 μs for minecraft:worldgen/structure
[17:21:57] [Worker-Main-1/DEBUG] [REI] Processed 5 tags in 219.8 μs for minecraft:game_event
[17:21:57] [Worker-Main-1/DEBUG] [REI] Processed 7 tags in 68.30 μs for minecraft:banner_pattern
[17:21:57] [Worker-Main-3/DEBUG] [REI] Processed 3 tags in 21.63 μs for minecraft:instrument
[17:21:57] [Worker-Main-3/DEBUG] [REI] Processed 1 tags in 38.41 μs for minecraft:painting_variant
[17:21:57] [Worker-Main-3/DEBUG] [REI] Processed 0 tags in 4.178 μs for minecraft:worldgen/world_preset
[17:21:57] [Worker-Main-2/DEBUG] [REI] Processed 18 tags in 740.5 μs for minecraft:entity_type
[17:21:57] [Worker-Main-2/DEBUG] [REI] Processed 2 tags in 23.89 μs for minecraft:cat_variant
[17:21:58] [Worker-Main-2/DEBUG] [REI] Processed 3 tags in 48.38 μs for minecraft:point_of_interest_type
[17:21:58] [Worker-Main-1/DEBUG] [REI] Processed 375 tags in 8.856 ms for minecraft:item
[17:21:58] [Worker-Main-1/DEBUG] [REI] Processed 0 tags in 23.38 μs for minecraft:damage_type
[17:21:58] [Worker-Main-3/DEBUG] [REI] Processed 319 tags in 6.979 ms for minecraft:block
[17:21:58] [Worker-Main-2/DEBUG] [REI] Processed 0 tags in 3.677 ms for minecraft:worldgen/biome
[17:21:59] [main/DEBUG] [REI] Starting Reload Plugins of stage null
java.lang.Throwable
	at TRANSFORMER/roughlyenoughitems@12.1.785/me.shedaniel.rei.impl.common.plugins.ReloadManagerImpl.reloadPlugins(ReloadManagerImpl.java:110)
	at TRANSFORMER/roughlyenoughitems@12.1.785/me.shedaniel.rei.RoughlyEnoughItemsCore.lambda$onInitialize$5(RoughlyEnoughItemsCore.java:163)
	at java.base/java.util.concurrent.CompletableFuture$UniRun.tryFire(CompletableFuture.java:787)
	at java.base/java.util.concurrent.CompletableFuture$Completion.run(CompletableFuture.java:482)
	at TRANSFORMER/minecraft@1.20.1/net.minecraft.server.packs.resources.SimpleReloadInstance.m_143940_(SimpleReloadInstance.java:69)
	at TRANSFORMER/minecraft@1.20.1/net.minecraft.Util.m_214652_(Util.java:783)
	at TRANSFORMER/minecraft@1.20.1/net.minecraft.Util.m_214679_(Util.java:772)
	at TRANSFORMER/minecraft@1.20.1/net.minecraft.server.Main.main(Main.java:166)
	at java.base/jdk.internal.reflect.NativeMethodAccessorImpl.invoke0(Native Method)
	at java.base/jdk.internal.reflect.NativeMethodAccessorImpl.invoke(NativeMethodAccessorImpl.java:77)
	at java.base/jdk.internal.reflect.DelegatingMethodAccessorImpl.invoke(DelegatingMethodAccessorImpl.java:43)
	at java.base/java.lang.reflect.Method.invoke(Method.java:569)
	at MC-BOOTSTRAP/fmlloader@1.20.1-47.3.7/net.minecraftforge.fml.loading.targets.CommonLaunchHandler.runTarget(CommonLaunchHandler.java:111)
	at MC-BOOTSTRAP/fmlloader@1.20.1-47.3.7/net.minecraftforge.fml.loading.targets.CommonLaunchHandler.serverService(CommonLaunchHandler.java:103)
	at MC-BOOTSTRAP/fmlloader@1.20.1-47.3.7/net.minecraftforge.fml.loading.targets.CommonServerLaunchHandler.lambda$makeService$0(CommonServerLaunchHandler.java:27)
	at MC-BOOTSTRAP/cpw.mods.modlauncher@10.0.9/cpw.mods.modlauncher.LaunchServiceHandlerDecorator.launch(LaunchServiceHandlerDecorator.java:30)
	at MC-BOOTSTRAP/cpw.mods.modlauncher@10.0.9/cpw.mods.modlauncher.LaunchServiceHandler.launch(LaunchServiceHandler.java:53)
	at MC-BOOTSTRAP/cpw.mods.modlauncher@10.0.9/cpw.mods.modlauncher.LaunchServiceHandler.launch(LaunchServiceHandler.java:71)
	at MC-BOOTSTRAP/cpw.mods.modlauncher@10.0.9/cpw.mods.modlauncher.Launcher.run(Launcher.java:108)
	at MC-BOOTSTRAP/cpw.mods.modlauncher@10.0.9/cpw.mods.modlauncher.Launcher.main(Launcher.java:78)
	at MC-BOOTSTRAP/cpw.mods.modlauncher@10.0.9/cpw.mods.modlauncher.BootstrapLaunchConsumer.accept(BootstrapLaunchConsumer.java:26)
	at MC-BOOTSTRAP/cpw.mods.modlauncher@10.0.9/cpw.mods.modlauncher.BootstrapLaunchConsumer.accept(BootstrapLaunchConsumer.java:23)
	at cpw.mods.bootstraplauncher@1.1.2/cpw.mods.bootstraplauncher.BootstrapLauncher.main(BootstrapLauncher.java:141)
[17:21:59] [main/DEBUG] [REI] ========================================
[17:21:59] [main/DEBUG] [REI] REIPlugin starting pre-reload for START.
[17:21:59] [main/DEBUG] [REI] Reloadables (7):
[17:21:59] [main/DEBUG] [REI]  - EntryTypeRegistryImpl
[17:21:59] [main/DEBUG] [REI]  - EntrySettingsAdapterRegistryImpl
[17:21:59] [main/DEBUG] [REI]  - RecipeManagerContextImpl
[17:21:59] [main/DEBUG] [REI]  - ItemComparatorRegistryImpl
[17:21:59] [main/DEBUG] [REI]  - FluidComparatorRegistryImpl
[17:21:59] [main/DEBUG] [REI]  - DisplaySerializerRegistryImpl
[17:21:59] [main/DEBUG] [REI]  - FluidSupportProviderImpl
[17:21:59] [main/DEBUG] [REI] Plugins (2):
[17:21:59] [main/DEBUG] [REI]  - (-100.00) DefaultPluginImpl of DefaultPluginImpl [roughlyenoughitems]
[17:21:59] [main/DEBUG] [REI]  - (0.00) DefaultRuntimePlugin of DefaultRuntimePlugin [roughlyenoughitems]
[17:21:59] [main/DEBUG] [REI] ========================================
[17:21:59] [main/TRACE] [REI] [REIPlugin START] Reloading Section: "pre-register/"
[17:21:59] [main/TRACE] [REI] [REIPlugin START] Reloading Section: "pre-register/DefaultPluginImpl of DefaultPluginImpl [roughlyenoughitems]/"
[17:21:59] [main/TRACE] [REI] [REIPlugin START] Reloading Section: "pre-register/DefaultPluginImpl of DefaultPluginImpl [roughlyenoughitems]/" done in 933.0 μs
[17:21:59] [main/TRACE] [REI] [REIPlugin START] Reloading Section: "pre-register/DefaultRuntimePlugin of DefaultRuntimePlugin [roughlyenoughitems]/"
[17:21:59] [main/TRACE] [REI] [REIPlugin START] Reloading Section: "pre-register/DefaultRuntimePlugin of DefaultRuntimePlugin [roughlyenoughitems]/" done in 88.30 μs
[17:21:59] [main/TRACE] [REI] [REIPlugin START] Reloading Section: "pre-register/" done in 10.14 ms
[17:21:59] [main/TRACE] [REI] [REIPlugin START] Reloading Section: "pre-stage/"
[17:21:59] [main/TRACE] [REI] [REIPlugin START] Reloading Section: "pre-stage/EntryTypeRegistryImpl/"
[17:21:59] [main/TRACE] [REI] [REIPlugin START] Reloading Section: "pre-stage/EntryTypeRegistryImpl/" done in 255.0 μs
[17:21:59] [main/TRACE] [REI] [REIPlugin START] Reloading Section: "pre-stage/EntrySettingsAdapterRegistryImpl/"
[17:21:59] [main/TRACE] [REI] [REIPlugin START] Reloading Section: "pre-stage/EntrySettingsAdapterRegistryImpl/" done in 147.4 μs
[17:21:59] [main/TRACE] [REI] [REIPlugin START] Reloading Section: "pre-stage/RecipeManagerContextImpl/"
[17:21:59] [main/TRACE] [REI] [REIPlugin START] Reloading Section: "pre-stage/RecipeManagerContextImpl/" done in 97.26 μs
[17:21:59] [main/TRACE] [REI] [REIPlugin START] Reloading Section: "pre-stage/ItemComparatorRegistryImpl/"
[17:21:59] [main/TRACE] [REI] [REIPlugin START] Reloading Section: "pre-stage/ItemComparatorRegistryImpl/" done in 76.70 μs
[17:21:59] [main/TRACE] [REI] [REIPlugin START] Reloading Section: "pre-stage/FluidComparatorRegistryImpl/"
[17:21:59] [main/TRACE] [REI] [REIPlugin START] Reloading Section: "pre-stage/FluidComparatorRegistryImpl/" done in 73.92 μs
[17:21:59] [main/TRACE] [REI] [REIPlugin START] Reloading Section: "pre-stage/DisplaySerializerRegistryImpl/"
[17:21:59] [main/TRACE] [REI] [REIPlugin START] Reloading Section: "pre-stage/DisplaySerializerRegistryImpl/" done in 68.10 μs
[17:21:59] [main/TRACE] [REI] [REIPlugin START] Reloading Section: "pre-stage/FluidSupportProviderImpl/"
[17:21:59] [main/TRACE] [REI] [REIPlugin START] Reloading Section: "pre-stage/FluidSupportProviderImpl/" done in 70.58 μs
[17:21:59] [main/TRACE] [REI] [REIPlugin START] Reloading Section: "pre-stage/" done in 2.187 ms
[17:21:59] [main/DEBUG] [REI] ========================================
[17:21:59] [main/DEBUG] [REI] REIPlugin finished pre-reload for START in 12.97 ms.
[17:21:59] [main/DEBUG] [REI] ========================================
[17:21:59] [main/DEBUG] [REI] ========================================
[17:21:59] [main/DEBUG] [REI] REIServerPlugin starting pre-reload for START.
[17:21:59] [main/DEBUG] [REI] Reloadables (2):
[17:21:59] [main/DEBUG] [REI]  - MenuInfoRegistryImpl
[17:21:59] [main/DEBUG] [REI]  - SlotAccessorRegistryImpl
[17:21:59] [main/DEBUG] [REI] Plugins (2):
[17:21:59] [main/DEBUG] [REI]  - (-100.00) DefaultPluginImpl of DefaultPluginImpl [roughlyenoughitems]
[17:21:59] [main/DEBUG] [REI]  - (0.00) DefaultRuntimePlugin of DefaultRuntimePlugin [roughlyenoughitems]
[17:21:59] [main/DEBUG] [REI] ========================================
[17:21:59] [main/TRACE] [REI] [REIServerPlugin START] Reloading Section: "pre-register/"
[17:21:59] [main/TRACE] [REI] [REIServerPlugin START] Reloading Section: "pre-register/DefaultPluginImpl of DefaultPluginImpl [roughlyenoughitems]/"
[17:21:59] [main/TRACE] [REI] [REIServerPlugin START] Reloading Section: "pre-register/DefaultPluginImpl of DefaultPluginImpl [roughlyenoughitems]/" done in 75.59 μs
[17:21:59] [main/TRACE] [REI] [REIServerPlugin START] Reloading Section: "pre-register/DefaultRuntimePlugin of DefaultRuntimePlugin [roughlyenoughitems]/"
[17:21:59] [main/TRACE] [REI] [REIServerPlugin START] Reloading Section: "pre-register/DefaultRuntimePlugin of DefaultRuntimePlugin [roughlyenoughitems]/" done in 124.0 μs
[17:21:59] [main/TRACE] [REI] [REIServerPlugin START] Reloading Section: "pre-register/" done in 743.7 μs
[17:21:59] [main/TRACE] [REI] [REIServerPlugin START] Reloading Section: "pre-stage/"
[17:21:59] [main/TRACE] [REI] [REIServerPlugin START] Reloading Section: "pre-stage/MenuInfoRegistryImpl/"
[17:21:59] [main/TRACE] [REI] [REIServerPlugin START] Reloading Section: "pre-stage/MenuInfoRegistryImpl/" done in 68.48 μs
[17:21:59] [main/TRACE] [REI] [REIServerPlugin START] Reloading Section: "pre-stage/SlotAccessorRegistryImpl/"
[17:21:59] [main/TRACE] [REI] [REIServerPlugin START] Reloading Section: "pre-stage/SlotAccessorRegistryImpl/" done in 126.2 μs
[17:21:59] [main/TRACE] [REI] [REIServerPlugin START] Reloading Section: "pre-stage/" done in 800.9 μs
[17:21:59] [main/DEBUG] [REI] ========================================
[17:21:59] [main/DEBUG] [REI] REIServerPlugin finished pre-reload for START in 2.010 ms.
[17:21:59] [main/DEBUG] [REI] ========================================
[17:21:59] [main/INFO] [REI] ########################################
[17:21:59] [main/INFO] [REI] REIPlugin starting main-reload for START.
[17:21:59] [main/DEBUG] [REI] Reloadables (7):
[17:21:59] [main/DEBUG] [REI]  - EntryTypeRegistryImpl
[17:21:59] [main/DEBUG] [REI]  - EntrySettingsAdapterRegistryImpl
[17:21:59] [main/DEBUG] [REI]  - RecipeManagerContextImpl
[17:21:59] [main/DEBUG] [REI]  - ItemComparatorRegistryImpl
[17:21:59] [main/DEBUG] [REI]  - FluidComparatorRegistryImpl
[17:21:59] [main/DEBUG] [REI]  - DisplaySerializerRegistryImpl
[17:21:59] [main/DEBUG] [REI]  - FluidSupportProviderImpl
[17:21:59] [main/INFO] [REI] Plugins (2):
[17:21:59] [main/INFO] [REI]  - (-100.00) DefaultPluginImpl of DefaultPluginImpl [roughlyenoughitems]
[17:21:59] [main/INFO] [REI]  - (0.00) DefaultRuntimePlugin of DefaultRuntimePlugin [roughlyenoughitems]
[17:21:59] [main/INFO] [REI] ########################################
[17:21:59] [main/TRACE] [REI] [REIPlugin START] Reloading Section: "start-reload/"
[17:21:59] [main/TRACE] [REI] [REIPlugin START] Reloading Section: "start-reload/EntryTypeRegistryImpl/"
[17:21:59] [main/TRACE] [REI] [REIPlugin START] Reloading Section: "start-reload/EntryTypeRegistryImpl/" done in 119.3 μs
[17:21:59] [main/TRACE] [REI] [REIPlugin START] Reloading Section: "start-reload/EntrySettingsAdapterRegistryImpl/"
[17:21:59] [main/TRACE] [REI] [REIPlugin START] Reloading Section: "start-reload/EntrySettingsAdapterRegistryImpl/" done in 80.19 μs
[17:21:59] [main/TRACE] [REI] [REIPlugin START] Reloading Section: "start-reload/RecipeManagerContextImpl/"
[17:21:59] [main/TRACE] [REI] [REIPlugin START] Reloading Section: "start-reload/RecipeManagerContextImpl/" done in 44.97 μs
[17:21:59] [main/TRACE] [REI] [REIPlugin START] Reloading Section: "start-reload/ItemComparatorRegistryImpl/"
[17:21:59] [main/TRACE] [REI] [REIPlugin START] Reloading Section: "start-reload/ItemComparatorRegistryImpl/" done in 61.25 μs
[17:21:59] [main/TRACE] [REI] [REIPlugin START] Reloading Section: "start-reload/FluidComparatorRegistryImpl/"
[17:21:59] [main/TRACE] [REI] [REIPlugin START] Reloading Section: "start-reload/FluidComparatorRegistryImpl/" done in 62.80 μs
[17:21:59] [main/TRACE] [REI] [REIPlugin START] Reloading Section: "start-reload/DisplaySerializerRegistryImpl/"
[17:21:59] [main/TRACE] [REI] [REIPlugin START] Reloading Section: "start-reload/DisplaySerializerRegistryImpl/" done in 37.25 μs
[17:21:59] [main/TRACE] [REI] [REIPlugin START] Reloading Section: "start-reload/FluidSupportProviderImpl/"
[17:21:59] [main/TRACE] [REI] [REIPlugin START] Reloading Section: "start-reload/FluidSupportProviderImpl/" done in 51.80 μs
[17:21:59] [main/TRACE] [REI] [REIPlugin START] Reloading Section: "start-reload/" done in 1.889 ms
[17:21:59] [main/DEBUG] [REI] ========================================
[17:21:59] [main/DEBUG] [REI] REIPlugin started main-reload for START.
[17:21:59] [main/DEBUG] [REI] ========================================
[17:21:59] [main/TRACE] [REI] [REIPlugin START] Reloading Section: "reloadable-plugin/EntryTypeRegistryImpl/"
[17:21:59] [main/TRACE] [REI] [REIPlugin START] Reloading Section: "reloadable-plugin/EntryTypeRegistryImpl/DefaultPluginImpl of DefaultPluginImpl [roughlyenoughitems]/"
[17:21:59] [main/TRACE] [REI] [REIPlugin START] Reloading Section: "reloadable-plugin/EntryTypeRegistryImpl/DefaultPluginImpl of DefaultPluginImpl [roughlyenoughitems]/" done in 313.5 μs
[17:21:59] [main/TRACE] [REI] [REIPlugin START] Reloading Section: "reloadable-plugin/EntryTypeRegistryImpl/DefaultRuntimePlugin of DefaultRuntimePlugin [roughlyenoughitems]/"
[17:21:59] [main/TRACE] [REI] [REIPlugin START] Reloading Section: "reloadable-plugin/EntryTypeRegistryImpl/DefaultRuntimePlugin of DefaultRuntimePlugin [roughlyenoughitems]/" done in 7.369 ms
[17:21:59] [main/TRACE] [REI] [REIPlugin START] Reloading Section: "reloadable-plugin/EntryTypeRegistryImpl/" done in 8.887 ms
[17:21:59] [main/TRACE] [REI] [REIPlugin START] Reloading Section: "reloadable-plugin/EntrySettingsAdapterRegistryImpl/"
[17:21:59] [main/TRACE] [REI] [REIPlugin START] Reloading Section: "reloadable-plugin/EntrySettingsAdapterRegistryImpl/DefaultPluginImpl of DefaultPluginImpl [roughlyenoughitems]/"
[17:21:59] [main/TRACE] [REI] [REIPlugin START] Reloading Section: "reloadable-plugin/EntrySettingsAdapterRegistryImpl/DefaultPluginImpl of DefaultPluginImpl [roughlyenoughitems]/" done in 92.38 μs
[17:21:59] [main/TRACE] [REI] [REIPlugin START] Reloading Section: "reloadable-plugin/EntrySettingsAdapterRegistryImpl/DefaultRuntimePlugin of DefaultRuntimePlugin [roughlyenoughitems]/"
[17:21:59] [main/TRACE] [REI] [REIPlugin START] Reloading Section: "reloadable-plugin/EntrySettingsAdapterRegistryImpl/DefaultRuntimePlugin of DefaultRuntimePlugin [roughlyenoughitems]/" done in 111.9 μs
[17:21:59] [main/TRACE] [REI] [REIPlugin START] Reloading Section: "reloadable-plugin/EntrySettingsAdapterRegistryImpl/" done in 702.4 μs
[17:21:59] [main/TRACE] [REI] [REIPlugin START] Reloading Section: "reloadable-plugin/RecipeManagerContextImpl/"
[17:21:59] [main/TRACE] [REI] [REIPlugin START] Reloading Section: "reloadable-plugin/RecipeManagerContextImpl/DefaultPluginImpl of DefaultPluginImpl [roughlyenoughitems]/"
[17:21:59] [main/TRACE] [REI] [REIPlugin START] Reloading Section: "reloadable-plugin/RecipeManagerContextImpl/DefaultPluginImpl of DefaultPluginImpl [roughlyenoughitems]/" done in 151.1 μs
[17:21:59] [main/TRACE] [REI] [REIPlugin START] Reloading Section: "reloadable-plugin/RecipeManagerContextImpl/DefaultRuntimePlugin of DefaultRuntimePlugin [roughlyenoughitems]/"
[17:21:59] [main/TRACE] [REI] [REIPlugin START] Reloading Section: "reloadable-plugin/RecipeManagerContextImpl/DefaultRuntimePlugin of DefaultRuntimePlugin [roughlyenoughitems]/" done in 137.7 μs
[17:21:59] [main/TRACE] [REI] [REIPlugin START] Reloading Section: "reloadable-plugin/RecipeManagerContextImpl/" done in 1.004 ms
[17:21:59] [main/TRACE] [REI] [REIPlugin START] Reloading Section: "reloadable-plugin/ItemComparatorRegistryImpl/"
[17:21:59] [main/TRACE] [REI] [REIPlugin START] Reloading Section: "reloadable-plugin/ItemComparatorRegistryImpl/DefaultPluginImpl of DefaultPluginImpl [roughlyenoughitems]/"
[17:21:59] [main/TRACE] [REI] [REIPlugin START] Reloading Section: "reloadable-plugin/ItemComparatorRegistryImpl/DefaultPluginImpl of DefaultPluginImpl [roughlyenoughitems]/" done in 1.258 ms
[17:21:59] [main/TRACE] [REI] [REIPlugin START] Reloading Section: "reloadable-plugin/ItemComparatorRegistryImpl/DefaultRuntimePlugin of DefaultRuntimePlugin [roughlyenoughitems]/"
[17:21:59] [main/TRACE] [REI] [REIPlugin START] Reloading Section: "reloadable-plugin/ItemComparatorRegistryImpl/DefaultRuntimePlugin of DefaultRuntimePlugin [roughlyenoughitems]/" done in 183.2 μs
[17:21:59] [main/TRACE] [REI] [REIPlugin START] Reloading Section: "reloadable-plugin/ItemComparatorRegistryImpl/" done in 2.132 ms
[17:21:59] [main/TRACE] [REI] [REIPlugin START] Reloading Section: "reloadable-plugin/FluidComparatorRegistryImpl/"
[17:21:59] [main/TRACE] [REI] [REIPlugin START] Reloading Section: "reloadable-plugin/FluidComparatorRegistryImpl/DefaultPluginImpl of DefaultPluginImpl [roughlyenoughitems]/"
[17:21:59] [main/TRACE] [REI] [REIPlugin START] Reloading Section: "reloadable-plugin/FluidComparatorRegistryImpl/DefaultPluginImpl of DefaultPluginImpl [roughlyenoughitems]/" done in 148.7 μs
[17:21:59] [main/TRACE] [REI] [REIPlugin START] Reloading Section: "reloadable-plugin/FluidComparatorRegistryImpl/DefaultRuntimePlugin of DefaultRuntimePlugin [roughlyenoughitems]/"
[17:21:59] [main/TRACE] [REI] [REIPlugin START] Reloading Section: "reloadable-plugin/FluidComparatorRegistryImpl/DefaultRuntimePlugin of DefaultRuntimePlugin [roughlyenoughitems]/" done in 131.7 μs
[17:21:59] [main/TRACE] [REI] [REIPlugin START] Reloading Section: "reloadable-plugin/FluidComparatorRegistryImpl/" done in 937.0 μs
[17:21:59] [main/TRACE] [REI] [REIPlugin START] Reloading Section: "reloadable-plugin/DisplaySerializerRegistryImpl/"
[17:21:59] [main/TRACE] [REI] [REIPlugin START] Reloading Section: "reloadable-plugin/DisplaySerializerRegistryImpl/DefaultPluginImpl of DefaultPluginImpl [roughlyenoughitems]/"
[17:21:59] [main/TRACE] [REI] [REIPlugin START] Reloading Section: "reloadable-plugin/DisplaySerializerRegistryImpl/DefaultPluginImpl of DefaultPluginImpl [roughlyenoughitems]/" done in 141.1 μs
[17:21:59] [main/TRACE] [REI] [REIPlugin START] Reloading Section: "reloadable-plugin/DisplaySerializerRegistryImpl/DefaultRuntimePlugin of DefaultRuntimePlugin [roughlyenoughitems]/"
[17:21:59] [main/TRACE] [REI] [REIPlugin START] Reloading Section: "reloadable-plugin/DisplaySerializerRegistryImpl/DefaultRuntimePlugin of DefaultRuntimePlugin [roughlyenoughitems]/" done in 141.5 μs
[17:21:59] [main/TRACE] [REI] [REIPlugin START] Reloading Section: "reloadable-plugin/DisplaySerializerRegistryImpl/" done in 882.2 μs
[17:21:59] [main/TRACE] [REI] [REIPlugin START] Reloading Section: "reloadable-plugin/FluidSupportProviderImpl/"
[17:21:59] [main/TRACE] [REI] [REIPlugin START] Reloading Section: "reloadable-plugin/FluidSupportProviderImpl/DefaultPluginImpl of DefaultPluginImpl [roughlyenoughitems]/"
[17:21:59] [main/TRACE] [REI] [REIPlugin START] Reloading Section: "reloadable-plugin/FluidSupportProviderImpl/DefaultPluginImpl of DefaultPluginImpl [roughlyenoughitems]/" done in 683.6 μs
[17:21:59] [main/TRACE] [REI] [REIPlugin START] Reloading Section: "reloadable-plugin/FluidSupportProviderImpl/DefaultRuntimePlugin of DefaultRuntimePlugin [roughlyenoughitems]/"
[17:21:59] [main/TRACE] [REI] [REIPlugin START] Reloading Section: "reloadable-plugin/FluidSupportProviderImpl/DefaultRuntimePlugin of DefaultRuntimePlugin [roughlyenoughitems]/" done in 152.6 μs
[17:21:59] [main/TRACE] [REI] [REIPlugin START] Reloading Section: "reloadable-plugin/FluidSupportProviderImpl/" done in 1.501 ms
[17:21:59] [main/DEBUG] [REI] ========================================
[17:21:59] [main/DEBUG] [REI] REIPlugin ending main-reload for START.
[17:21:59] [main/DEBUG] [REI] ========================================
[17:21:59] [main/TRACE] [REI] [REIPlugin START] Reloading Section: "end-reload/"
[17:21:59] [main/TRACE] [REI] [REIPlugin START] Reloading Section: "end-reload/EntryTypeRegistryImpl/"
[17:21:59] [main/TRACE] [REI] [REIPlugin START] Reloading Section: "end-reload/EntryTypeRegistryImpl/" done in 145.7 μs
[17:21:59] [main/TRACE] [REI] [REIPlugin START] Reloading Section: "end-reload/EntrySettingsAdapterRegistryImpl/"
[17:21:59] [main/TRACE] [REI] [REIPlugin START] Reloading Section: "end-reload/EntrySettingsAdapterRegistryImpl/" done in 53.55 μs
[17:21:59] [main/TRACE] [REI] [REIPlugin START] Reloading Section: "end-reload/RecipeManagerContextImpl/"
[17:21:59] [main/TRACE] [REI] [REIPlugin START] Reloading Section: "end-reload/RecipeManagerContextImpl/" done in 134.9 μs
[17:21:59] [main/TRACE] [REI] [REIPlugin START] Reloading Section: "end-reload/ItemComparatorRegistryImpl/"
[17:21:59] [main/TRACE] [REI] [REIPlugin START] Reloading Section: "end-reload/ItemComparatorRegistryImpl/" done in 56.06 μs
[17:21:59] [main/TRACE] [REI] [REIPlugin START] Reloading Section: "end-reload/FluidComparatorRegistryImpl/"
[17:21:59] [main/TRACE] [REI] [REIPlugin START] Reloading Section: "end-reload/FluidComparatorRegistryImpl/" done in 56.44 μs
[17:21:59] [main/TRACE] [REI] [REIPlugin START] Reloading Section: "end-reload/DisplaySerializerRegistryImpl/"
[17:21:59] [main/TRACE] [REI] [REIPlugin START] Reloading Section: "end-reload/DisplaySerializerRegistryImpl/" done in 110.6 μs
[17:21:59] [main/TRACE] [REI] [REIPlugin START] Reloading Section: "end-reload/FluidSupportProviderImpl/"
[17:21:59] [main/TRACE] [REI] [REIPlugin START] Reloading Section: "end-reload/FluidSupportProviderImpl/" done in 112.1 μs
[17:21:59] [main/TRACE] [REI] [REIPlugin START] Reloading Section: "end-reload/" done in 2.112 ms
[17:21:59] [main/DEBUG] [REI] ========================================
[17:21:59] [main/DEBUG] [REI] REIPlugin ended main-reload for START in 28.19 ms.
[17:21:59] [main/DEBUG] [REI] ========================================
[17:21:59] [main/INFO] [REI] ++++++++++++++++++++++++++++++++++++++++
[17:21:59] [main/INFO] [REI] REIServerPlugin starting main-reload for START.
[17:21:59] [main/DEBUG] [REI] Reloadables (2):
[17:21:59] [main/DEBUG] [REI]  - MenuInfoRegistryImpl
[17:21:59] [main/DEBUG] [REI]  - SlotAccessorRegistryImpl
[17:21:59] [main/INFO] [REI] Plugins (2):
[17:21:59] [main/INFO] [REI]  - (-100.00) DefaultPluginImpl of DefaultPluginImpl [roughlyenoughitems]
[17:21:59] [main/INFO] [REI]  - (0.00) DefaultRuntimePlugin of DefaultRuntimePlugin [roughlyenoughitems]
[17:21:59] [main/INFO] [REI] ++++++++++++++++++++++++++++++++++++++++
[17:21:59] [main/TRACE] [REI] [REIServerPlugin START] Reloading Section: "start-reload/"
[17:21:59] [main/TRACE] [REI] [REIServerPlugin START] Reloading Section: "start-reload/MenuInfoRegistryImpl/"
[17:21:59] [main/TRACE] [REI] [REIServerPlugin START] Reloading Section: "start-reload/MenuInfoRegistryImpl/" done in 52.97 μs
[17:21:59] [main/TRACE] [REI] [REIServerPlugin START] Reloading Section: "start-reload/SlotAccessorRegistryImpl/"
[17:21:59] [main/TRACE] [REI] [REIServerPlugin START] Reloading Section: "start-reload/SlotAccessorRegistryImpl/" done in 65.40 μs
[17:21:59] [main/TRACE] [REI] [REIServerPlugin START] Reloading Section: "start-reload/" done in 586.6 μs
[17:21:59] [main/DEBUG] [REI] ========================================
[17:21:59] [main/DEBUG] [REI] REIServerPlugin started main-reload for START.
[17:21:59] [main/DEBUG] [REI] ========================================
[17:21:59] [main/TRACE] [REI] [REIServerPlugin START] Reloading Section: "reloadable-plugin/MenuInfoRegistryImpl/"
[17:21:59] [main/TRACE] [REI] [REIServerPlugin START] Reloading Section: "reloadable-plugin/MenuInfoRegistryImpl/DefaultPluginImpl of DefaultPluginImpl [roughlyenoughitems]/"
[17:21:59] [main/TRACE] [REI] [REIServerPlugin START] Reloading Section: "reloadable-plugin/MenuInfoRegistryImpl/DefaultPluginImpl of DefaultPluginImpl [roughlyenoughitems]/" done in 217.3 μs
[17:21:59] [main/TRACE] [REI] [REIServerPlugin START] Reloading Section: "reloadable-plugin/MenuInfoRegistryImpl/DefaultRuntimePlugin of DefaultRuntimePlugin [roughlyenoughitems]/"
[17:21:59] [main/TRACE] [REI] [REIServerPlugin START] Reloading Section: "reloadable-plugin/MenuInfoRegistryImpl/DefaultRuntimePlugin of DefaultRuntimePlugin [roughlyenoughitems]/" done in 117.4 μs
[17:21:59] [main/TRACE] [REI] [REIServerPlugin START] Reloading Section: "reloadable-plugin/MenuInfoRegistryImpl/" done in 1.368 ms
[17:21:59] [main/TRACE] [REI] [REIServerPlugin START] Reloading Section: "reloadable-plugin/SlotAccessorRegistryImpl/"
[17:21:59] [main/TRACE] [REI] [REIServerPlugin START] Reloading Section: "reloadable-plugin/SlotAccessorRegistryImpl/DefaultPluginImpl of DefaultPluginImpl [roughlyenoughitems]/"
[17:21:59] [main/TRACE] [REI] [REIServerPlugin START] Reloading Section: "reloadable-plugin/SlotAccessorRegistryImpl/DefaultPluginImpl of DefaultPluginImpl [roughlyenoughitems]/" done in 65.94 μs
[17:21:59] [main/TRACE] [REI] [REIServerPlugin START] Reloading Section: "reloadable-plugin/SlotAccessorRegistryImpl/DefaultRuntimePlugin of DefaultRuntimePlugin [roughlyenoughitems]/"
[17:21:59] [main/TRACE] [REI] [REIServerPlugin START] Reloading Section: "reloadable-plugin/SlotAccessorRegistryImpl/DefaultRuntimePlugin of DefaultRuntimePlugin [roughlyenoughitems]/" done in 55.66 μs
[17:21:59] [main/TRACE] [REI] [REIServerPlugin START] Reloading Section: "reloadable-plugin/SlotAccessorRegistryImpl/" done in 513.0 μs
[17:21:59] [main/DEBUG] [REI] ========================================
[17:21:59] [main/DEBUG] [REI] REIServerPlugin ending main-reload for START.
[17:21:59] [main/DEBUG] [REI] ========================================
[17:21:59] [main/TRACE] [REI] [REIServerPlugin START] Reloading Section: "end-reload/"
[17:21:59] [main/TRACE] [REI] [REIServerPlugin START] Reloading Section: "end-reload/MenuInfoRegistryImpl/"
[17:21:59] [main/TRACE] [REI] [REIServerPlugin START] Reloading Section: "end-reload/MenuInfoRegistryImpl/" done in 59.73 μs
[17:21:59] [main/TRACE] [REI] [REIServerPlugin START] Reloading Section: "end-reload/SlotAccessorRegistryImpl/"
[17:21:59] [main/TRACE] [REI] [REIServerPlugin START] Reloading Section: "end-reload/SlotAccessorRegistryImpl/" done in 113.7 μs
[17:21:59] [main/TRACE] [REI] [REIServerPlugin START] Reloading Section: "end-reload/" done in 1.775 ms
[17:21:59] [main/DEBUG] [REI] ========================================
[17:21:59] [main/DEBUG] [REI] REIServerPlugin ended main-reload for START in 8.872 ms.
[17:21:59] [main/DEBUG] [REI] ========================================
[17:21:59] [main/DEBUG] [REI] ========================================
[17:21:59] [main/DEBUG] [REI] REIPlugin starting post-reload for START.
[17:21:59] [main/DEBUG] [REI] Reloadables (7):
[17:21:59] [main/DEBUG] [REI]  - EntryTypeRegistryImpl
[17:21:59] [main/DEBUG] [REI]  - EntrySettingsAdapterRegistryImpl
[17:21:59] [main/DEBUG] [REI]  - RecipeManagerContextImpl
[17:21:59] [main/DEBUG] [REI]  - ItemComparatorRegistryImpl
[17:21:59] [main/DEBUG] [REI]  - FluidComparatorRegistryImpl
[17:21:59] [main/DEBUG] [REI]  - DisplaySerializerRegistryImpl
[17:21:59] [main/DEBUG] [REI]  - FluidSupportProviderImpl
[17:21:59] [main/DEBUG] [REI] Plugins (2):
[17:21:59] [main/DEBUG] [REI]  - (-100.00) DefaultPluginImpl of DefaultPluginImpl [roughlyenoughitems]
[17:21:59] [main/DEBUG] [REI]  - (0.00) DefaultRuntimePlugin of DefaultRuntimePlugin [roughlyenoughitems]
[17:21:59] [main/DEBUG] [REI] ========================================
[17:21:59] [main/TRACE] [REI] [REIPlugin START] Reloading Section: "post-register/"
[17:21:59] [main/TRACE] [REI] [REIPlugin START] Reloading Section: "post-register/DefaultPluginImpl of DefaultPluginImpl [roughlyenoughitems]/"
[17:21:59] [main/TRACE] [REI] [REIPlugin START] Reloading Section: "post-register/DefaultPluginImpl of DefaultPluginImpl [roughlyenoughitems]/" done in 265.5 μs
[17:21:59] [main/TRACE] [REI] [REIPlugin START] Reloading Section: "post-register/DefaultRuntimePlugin of DefaultRuntimePlugin [roughlyenoughitems]/"
[17:21:59] [main/TRACE] [REI] [REIPlugin START] Reloading Section: "post-register/DefaultRuntimePlugin of DefaultRuntimePlugin [roughlyenoughitems]/" done in 57.27 μs
[17:21:59] [main/TRACE] [REI] [REIPlugin START] Reloading Section: "post-register/" done in 1.124 ms
[17:21:59] [main/TRACE] [REI] [REIPlugin START] Reloading Section: "post-stage/"
[17:21:59] [main/TRACE] [REI] [REIPlugin START] Reloading Section: "post-stage/EntryTypeRegistryImpl/"
[17:21:59] [main/TRACE] [REI] [REIPlugin START] Reloading Section: "post-stage/EntryTypeRegistryImpl/" done in 61.03 μs
[17:21:59] [main/TRACE] [REI] [REIPlugin START] Reloading Section: "post-stage/EntrySettingsAdapterRegistryImpl/"
[17:21:59] [main/TRACE] [REI] [REIPlugin START] Reloading Section: "post-stage/EntrySettingsAdapterRegistryImpl/" done in 53.72 μs
[17:21:59] [main/TRACE] [REI] [REIPlugin START] Reloading Section: "post-stage/RecipeManagerContextImpl/"
[17:21:59] [main/TRACE] [REI] [REIPlugin START] Reloading Section: "post-stage/RecipeManagerContextImpl/" done in 45.59 μs
[17:21:59] [main/TRACE] [REI] [REIPlugin START] Reloading Section: "post-stage/ItemComparatorRegistryImpl/"
[17:21:59] [main/TRACE] [REI] [REIPlugin START] Reloading Section: "post-stage/ItemComparatorRegistryImpl/" done in 43.69 μs
[17:21:59] [main/TRACE] [REI] [REIPlugin START] Reloading Section: "post-stage/FluidComparatorRegistryImpl/"
[17:21:59] [main/TRACE] [REI] [REIPlugin START] Reloading Section: "post-stage/FluidComparatorRegistryImpl/" done in 49.92 μs
[17:21:59] [main/TRACE] [REI] [REIPlugin START] Reloading Section: "post-stage/DisplaySerializerRegistryImpl/"
[17:21:59] [main/TRACE] [REI] [REIPlugin START] Reloading Section: "post-stage/DisplaySerializerRegistryImpl/" done in 52.39 μs
[17:21:59] [main/TRACE] [REI] [REIPlugin START] Reloading Section: "post-stage/FluidSupportProviderImpl/"
[17:21:59] [main/TRACE] [REI] [REIPlugin START] Reloading Section: "post-stage/FluidSupportProviderImpl/" done in 67.03 μs
[17:21:59] [main/TRACE] [REI] [REIPlugin START] Reloading Section: "post-stage/" done in 1.386 ms
[17:21:59] [main/DEBUG] [REI] ========================================
[17:21:59] [main/INFO] [REI] REIPlugin finished post-reload for START in 2.761 ms, totaling 43.71 ms.
[17:21:59] [main/DEBUG] [REI] ========================================
[17:21:59] [main/DEBUG] [REI] ========================================
[17:21:59] [main/DEBUG] [REI] REIServerPlugin starting post-reload for START.
[17:21:59] [main/DEBUG] [REI] Reloadables (2):
[17:21:59] [main/DEBUG] [REI]  - MenuInfoRegistryImpl
[17:21:59] [main/DEBUG] [REI]  - SlotAccessorRegistryImpl
[17:21:59] [main/DEBUG] [REI] Plugins (2):
[17:21:59] [main/DEBUG] [REI]  - (-100.00) DefaultPluginImpl of DefaultPluginImpl [roughlyenoughitems]
[17:21:59] [main/DEBUG] [REI]  - (0.00) DefaultRuntimePlugin of DefaultRuntimePlugin [roughlyenoughitems]
[17:21:59] [main/DEBUG] [REI] ========================================
[17:21:59] [main/TRACE] [REI] [REIServerPlugin START] Reloading Section: "post-register/"
[17:21:59] [main/TRACE] [REI] [REIServerPlugin START] Reloading Section: "post-register/DefaultPluginImpl of DefaultPluginImpl [roughlyenoughitems]/"
[17:21:59] [main/TRACE] [REI] [REIServerPlugin START] Reloading Section: "post-register/DefaultPluginImpl of DefaultPluginImpl [roughlyenoughitems]/" done in 47.38 μs
[17:21:59] [main/TRACE] [REI] [REIServerPlugin START] Reloading Section: "post-register/DefaultRuntimePlugin of DefaultRuntimePlugin [roughlyenoughitems]/"
[17:21:59] [main/TRACE] [REI] [REIServerPlugin START] Reloading Section: "post-register/DefaultRuntimePlugin of DefaultRuntimePlugin [roughlyenoughitems]/" done in 47.59 μs
[17:21:59] [main/TRACE] [REI] [REIServerPlugin START] Reloading Section: "post-register/" done in 378.8 μs
[17:21:59] [main/TRACE] [REI] [REIServerPlugin START] Reloading Section: "post-stage/"
[17:21:59] [main/TRACE] [REI] [REIServerPlugin START] Reloading Section: "post-stage/MenuInfoRegistryImpl/"
[17:21:59] [main/TRACE] [REI] [REIServerPlugin START] Reloading Section: "post-stage/MenuInfoRegistryImpl/" done in 40.50 μs
[17:21:59] [main/TRACE] [REI] [REIServerPlugin START] Reloading Section: "post-stage/SlotAccessorRegistryImpl/"
[17:21:59] [main/TRACE] [REI] [REIServerPlugin START] Reloading Section: "post-stage/SlotAccessorRegistryImpl/" done in 45.92 μs
[17:21:59] [main/TRACE] [REI] [REIServerPlugin START] Reloading Section: "post-stage/" done in 386.6 μs
[17:21:59] [main/DEBUG] [REI] ========================================
[17:21:59] [main/INFO] [REI] REIServerPlugin finished post-reload for START in 975.0 μs, totaling 11.77 ms.
[17:21:59] [main/DEBUG] [REI] ========================================
[17:21:59] [main/DEBUG] [REI] ========================================
[17:21:59] [main/DEBUG] [REI] REIPlugin starting pre-reload for END.
[17:21:59] [main/DEBUG] [REI] Reloadables (7):
[17:21:59] [main/DEBUG] [REI]  - EntryTypeRegistryImpl
[17:21:59] [main/DEBUG] [REI]  - EntrySettingsAdapterRegistryImpl
[17:21:59] [main/DEBUG] [REI]  - RecipeManagerContextImpl
[17:21:59] [main/DEBUG] [REI]  - ItemComparatorRegistryImpl
[17:21:59] [main/DEBUG] [REI]  - FluidComparatorRegistryImpl
[17:21:59] [main/DEBUG] [REI]  - DisplaySerializerRegistryImpl
[17:21:59] [main/DEBUG] [REI]  - FluidSupportProviderImpl
[17:21:59] [main/DEBUG] [REI] Plugins (2):
[17:21:59] [main/DEBUG] [REI]  - (-100.00) DefaultPluginImpl of DefaultPluginImpl [roughlyenoughitems]
[17:21:59] [main/DEBUG] [REI]  - (0.00) DefaultRuntimePlugin of DefaultRuntimePlugin [roughlyenoughitems]
[17:21:59] [main/DEBUG] [REI] ========================================
[17:21:59] [main/TRACE] [REI] [REIPlugin END] Reloading Section: "pre-register/"
[17:21:59] [main/TRACE] [REI] [REIPlugin END] Reloading Section: "pre-register/DefaultPluginImpl of DefaultPluginImpl [roughlyenoughitems]/"
[17:21:59] [main/TRACE] [REI] [REIPlugin END] Reloading Section: "pre-register/DefaultPluginImpl of DefaultPluginImpl [roughlyenoughitems]/" done in 76.65 μs
[17:21:59] [main/TRACE] [REI] [REIPlugin END] Reloading Section: "pre-register/DefaultRuntimePlugin of DefaultRuntimePlugin [roughlyenoughitems]/"
[17:21:59] [main/TRACE] [REI] [REIPlugin END] Reloading Section: "pre-register/DefaultRuntimePlugin of DefaultRuntimePlugin [roughlyenoughitems]/" done in 59.76 μs
[17:21:59] [main/TRACE] [REI] [REIPlugin END] Reloading Section: "pre-register/" done in 503.8 μs
[17:21:59] [main/TRACE] [REI] [REIPlugin END] Reloading Section: "pre-stage/"
[17:21:59] [main/TRACE] [REI] [REIPlugin END] Reloading Section: "pre-stage/EntryTypeRegistryImpl/"
[17:21:59] [main/TRACE] [REI] [REIPlugin END] Reloading Section: "pre-stage/EntryTypeRegistryImpl/" done in 45.53 μs
[17:21:59] [main/TRACE] [REI] [REIPlugin END] Reloading Section: "pre-stage/EntrySettingsAdapterRegistryImpl/"
[17:21:59] [main/TRACE] [REI] [REIPlugin END] Reloading Section: "pre-stage/EntrySettingsAdapterRegistryImpl/" done in 46.01 μs
[17:21:59] [main/TRACE] [REI] [REIPlugin END] Reloading Section: "pre-stage/RecipeManagerContextImpl/"
[17:21:59] [main/TRACE] [REI] [REIPlugin END] Reloading Section: "pre-stage/RecipeManagerContextImpl/" done in 49.11 μs
[17:21:59] [main/TRACE] [REI] [REIPlugin END] Reloading Section: "pre-stage/ItemComparatorRegistryImpl/"
[17:21:59] [main/TRACE] [REI] [REIPlugin END] Reloading Section: "pre-stage/ItemComparatorRegistryImpl/" done in 46.31 μs
[17:21:59] [main/TRACE] [REI] [REIPlugin END] Reloading Section: "pre-stage/FluidComparatorRegistryImpl/"
[17:21:59] [main/TRACE] [REI] [REIPlugin END] Reloading Section: "pre-stage/FluidComparatorRegistryImpl/" done in 47.78 μs
[17:21:59] [main/TRACE] [REI] [REIPlugin END] Reloading Section: "pre-stage/DisplaySerializerRegistryImpl/"
[17:21:59] [main/TRACE] [REI] [REIPlugin END] Reloading Section: "pre-stage/DisplaySerializerRegistryImpl/" done in 50.10 μs
[17:21:59] [main/TRACE] [REI] [REIPlugin END] Reloading Section: "pre-stage/FluidSupportProviderImpl/"
[17:21:59] [main/TRACE] [REI] [REIPlugin END] Reloading Section: "pre-stage/FluidSupportProviderImpl/" done in 47.96 μs
[17:21:59] [main/TRACE] [REI] [REIPlugin END] Reloading Section: "pre-stage/" done in 1.185 ms
[17:21:59] [main/DEBUG] [REI] ========================================
[17:21:59] [main/DEBUG] [REI] REIPlugin finished pre-reload for END in 1.910 ms.
[17:21:59] [main/DEBUG] [REI] ========================================
[17:21:59] [main/DEBUG] [REI] ========================================
[17:21:59] [main/DEBUG] [REI] REIServerPlugin starting pre-reload for END.
[17:21:59] [main/DEBUG] [REI] Reloadables (2):
[17:21:59] [main/DEBUG] [REI]  - MenuInfoRegistryImpl
[17:21:59] [main/DEBUG] [REI]  - SlotAccessorRegistryImpl
[17:21:59] [main/DEBUG] [REI] Plugins (2):
[17:21:59] [main/DEBUG] [REI]  - (-100.00) DefaultPluginImpl of DefaultPluginImpl [roughlyenoughitems]
[17:21:59] [main/DEBUG] [REI]  - (0.00) DefaultRuntimePlugin of DefaultRuntimePlugin [roughlyenoughitems]
[17:21:59] [main/DEBUG] [REI] ========================================
[17:21:59] [main/TRACE] [REI] [REIServerPlugin END] Reloading Section: "pre-register/"
[17:21:59] [main/TRACE] [REI] [REIServerPlugin END] Reloading Section: "pre-register/DefaultPluginImpl of DefaultPluginImpl [roughlyenoughitems]/"
[17:21:59] [main/TRACE] [REI] [REIServerPlugin END] Reloading Section: "pre-register/DefaultPluginImpl of DefaultPluginImpl [roughlyenoughitems]/" done in 61.35 μs
[17:21:59] [main/TRACE] [REI] [REIServerPlugin END] Reloading Section: "pre-register/DefaultRuntimePlugin of DefaultRuntimePlugin [roughlyenoughitems]/"
[17:21:59] [main/TRACE] [REI] [REIServerPlugin END] Reloading Section: "pre-register/DefaultRuntimePlugin of DefaultRuntimePlugin [roughlyenoughitems]/" done in 48.45 μs
[17:21:59] [main/TRACE] [REI] [REIServerPlugin END] Reloading Section: "pre-register/" done in 411.9 μs
[17:21:59] [main/TRACE] [REI] [REIServerPlugin END] Reloading Section: "pre-stage/"
[17:21:59] [main/TRACE] [REI] [REIServerPlugin END] Reloading Section: "pre-stage/MenuInfoRegistryImpl/"
[17:21:59] [main/TRACE] [REI] [REIServerPlugin END] Reloading Section: "pre-stage/MenuInfoRegistryImpl/" done in 45.02 μs
[17:21:59] [main/TRACE] [REI] [REIServerPlugin END] Reloading Section: "pre-stage/SlotAccessorRegistryImpl/"
[17:21:59] [main/TRACE] [REI] [REIServerPlugin END] Reloading Section: "pre-stage/SlotAccessorRegistryImpl/" done in 50.50 μs
[17:21:59] [main/TRACE] [REI] [REIServerPlugin END] Reloading Section: "pre-stage/" done in 372.3 μs
[17:21:59] [main/DEBUG] [REI] ========================================
[17:21:59] [main/DEBUG] [REI] REIServerPlugin finished pre-reload for END in 1.030 ms.
[17:21:59] [main/DEBUG] [REI] ========================================
[17:21:59] [main/INFO] [REI] OOOOOOOOOOOOOOOOOOOOOOOOOOOOOOOOOOOOOOOO
[17:21:59] [main/INFO] [REI] REIPlugin starting main-reload for END.
[17:21:59] [main/DEBUG] [REI] Reloadables (7):
[17:21:59] [main/DEBUG] [REI]  - EntryTypeRegistryImpl
[17:21:59] [main/DEBUG] [REI]  - EntrySettingsAdapterRegistryImpl
[17:21:59] [main/DEBUG] [REI]  - RecipeManagerContextImpl
[17:21:59] [main/DEBUG] [REI]  - ItemComparatorRegistryImpl
[17:21:59] [main/DEBUG] [REI]  - FluidComparatorRegistryImpl
[17:21:59] [main/DEBUG] [REI]  - DisplaySerializerRegistryImpl
[17:21:59] [main/DEBUG] [REI]  - FluidSupportProviderImpl
[17:21:59] [main/INFO] [REI] Plugins (2):
[17:21:59] [main/INFO] [REI]  - (-100.00) DefaultPluginImpl of DefaultPluginImpl [roughlyenoughitems]
[17:21:59] [main/INFO] [REI]  - (0.00) DefaultRuntimePlugin of DefaultRuntimePlugin [roughlyenoughitems]
[17:21:59] [main/INFO] [REI] OOOOOOOOOOOOOOOOOOOOOOOOOOOOOOOOOOOOOOOO
[17:21:59] [main/TRACE] [REI] [REIPlugin END] Reloading Section: "start-reload/"
[17:21:59] [main/TRACE] [REI] [REIPlugin END] Reloading Section: "start-reload/EntryTypeRegistryImpl/"
[17:21:59] [main/TRACE] [REI] [REIPlugin END] Reloading Section: "start-reload/EntryTypeRegistryImpl/" done in 36.06 μs
[17:21:59] [main/TRACE] [REI] [REIPlugin END] Reloading Section: "start-reload/EntrySettingsAdapterRegistryImpl/"
[17:21:59] [main/TRACE] [REI] [REIPlugin END] Reloading Section: "start-reload/EntrySettingsAdapterRegistryImpl/" done in 43.00 μs
[17:21:59] [main/TRACE] [REI] [REIPlugin END] Reloading Section: "start-reload/RecipeManagerContextImpl/"
[17:21:59] [main/TRACE] [REI] [REIPlugin END] Reloading Section: "start-reload/RecipeManagerContextImpl/" done in 80.49 μs
[17:21:59] [main/TRACE] [REI] [REIPlugin END] Reloading Section: "start-reload/ItemComparatorRegistryImpl/"
[17:21:59] [main/TRACE] [REI] [REIPlugin END] Reloading Section: "start-reload/ItemComparatorRegistryImpl/" done in 66.06 μs
[17:21:59] [main/TRACE] [REI] [REIPlugin END] Reloading Section: "start-reload/FluidComparatorRegistryImpl/"
[17:21:59] [main/TRACE] [REI] [REIPlugin END] Reloading Section: "start-reload/FluidComparatorRegistryImpl/" done in 59.45 μs
[17:21:59] [main/TRACE] [REI] [REIPlugin END] Reloading Section: "start-reload/DisplaySerializerRegistryImpl/"
[17:21:59] [main/TRACE] [REI] [REIPlugin END] Reloading Section: "start-reload/DisplaySerializerRegistryImpl/" done in 74.26 μs
[17:21:59] [main/TRACE] [REI] [REIPlugin END] Reloading Section: "start-reload/FluidSupportProviderImpl/"
[17:21:59] [main/TRACE] [REI] [REIPlugin END] Reloading Section: "start-reload/FluidSupportProviderImpl/" done in 52.04 μs
[17:21:59] [main/TRACE] [REI] [REIPlugin END] Reloading Section: "start-reload/" done in 1.643 ms
[17:21:59] [main/DEBUG] [REI] ========================================
[17:21:59] [main/DEBUG] [REI] REIPlugin started main-reload for END.
[17:21:59] [main/DEBUG] [REI] ========================================
[17:21:59] [main/TRACE] [REI] [REIPlugin END] Reloading Section: "reloadable-plugin/EntryTypeRegistryImpl/"
[17:21:59] [main/TRACE] [REI] [REIPlugin END] Reloading Section: "reloadable-plugin/EntryTypeRegistryImpl/DefaultPluginImpl of DefaultPluginImpl [roughlyenoughitems]/"
[17:21:59] [main/TRACE] [REI] [REIPlugin END] Reloading Section: "reloadable-plugin/EntryTypeRegistryImpl/DefaultPluginImpl of DefaultPluginImpl [roughlyenoughitems]/" done in 58.05 μs
[17:21:59] [main/TRACE] [REI] [REIPlugin END] Reloading Section: "reloadable-plugin/EntryTypeRegistryImpl/DefaultRuntimePlugin of DefaultRuntimePlugin [roughlyenoughitems]/"
[17:21:59] [main/TRACE] [REI] [REIPlugin END] Reloading Section: "reloadable-plugin/EntryTypeRegistryImpl/DefaultRuntimePlugin of DefaultRuntimePlugin [roughlyenoughitems]/" done in 79.75 μs
[17:21:59] [main/TRACE] [REI] [REIPlugin END] Reloading Section: "reloadable-plugin/EntryTypeRegistryImpl/" done in 497.7 μs
[17:21:59] [main/TRACE] [REI] [REIPlugin END] Reloading Section: "reloadable-plugin/EntrySettingsAdapterRegistryImpl/"
[17:21:59] [main/TRACE] [REI] [REIPlugin END] Reloading Section: "reloadable-plugin/EntrySettingsAdapterRegistryImpl/DefaultPluginImpl of DefaultPluginImpl [roughlyenoughitems]/"
[17:21:59] [main/TRACE] [REI] [REIPlugin END] Reloading Section: "reloadable-plugin/EntrySettingsAdapterRegistryImpl/DefaultPluginImpl of DefaultPluginImpl [roughlyenoughitems]/" done in 66.29 μs
[17:21:59] [main/TRACE] [REI] [REIPlugin END] Reloading Section: "reloadable-plugin/EntrySettingsAdapterRegistryImpl/DefaultRuntimePlugin of DefaultRuntimePlugin [roughlyenoughitems]/"
[17:21:59] [main/TRACE] [REI] [REIPlugin END] Reloading Section: "reloadable-plugin/EntrySettingsAdapterRegistryImpl/DefaultRuntimePlugin of DefaultRuntimePlugin [roughlyenoughitems]/" done in 59.82 μs
[17:21:59] [main/TRACE] [REI] [REIPlugin END] Reloading Section: "reloadable-plugin/EntrySettingsAdapterRegistryImpl/" done in 457.3 μs
[17:21:59] [main/TRACE] [REI] [REIPlugin END] Reloading Section: "reloadable-plugin/RecipeManagerContextImpl/"
[17:21:59] [main/TRACE] [REI] [REIPlugin END] Reloading Section: "reloadable-plugin/RecipeManagerContextImpl/DefaultPluginImpl of DefaultPluginImpl [roughlyenoughitems]/"
[17:21:59] [main/TRACE] [REI] [REIPlugin END] Reloading Section: "reloadable-plugin/RecipeManagerContextImpl/DefaultPluginImpl of DefaultPluginImpl [roughlyenoughitems]/" done in 52.96 μs
[17:21:59] [main/TRACE] [REI] [REIPlugin END] Reloading Section: "reloadable-plugin/RecipeManagerContextImpl/DefaultRuntimePlugin of DefaultRuntimePlugin [roughlyenoughitems]/"
[17:21:59] [main/TRACE] [REI] [REIPlugin END] Reloading Section: "reloadable-plugin/RecipeManagerContextImpl/DefaultRuntimePlugin of DefaultRuntimePlugin [roughlyenoughitems]/" done in 54.81 μs
[17:21:59] [main/TRACE] [REI] [REIPlugin END] Reloading Section: "reloadable-plugin/RecipeManagerContextImpl/" done in 418.4 μs
[17:21:59] [main/TRACE] [REI] [REIPlugin END] Reloading Section: "reloadable-plugin/ItemComparatorRegistryImpl/"
[17:21:59] [main/TRACE] [REI] [REIPlugin END] Reloading Section: "reloadable-plugin/ItemComparatorRegistryImpl/DefaultPluginImpl of DefaultPluginImpl [roughlyenoughitems]/"
[17:21:59] [main/TRACE] [REI] [REIPlugin END] Reloading Section: "reloadable-plugin/ItemComparatorRegistryImpl/DefaultPluginImpl of DefaultPluginImpl [roughlyenoughitems]/" done in 67.78 μs
[17:21:59] [main/TRACE] [REI] [REIPlugin END] Reloading Section: "reloadable-plugin/ItemComparatorRegistryImpl/DefaultRuntimePlugin of DefaultRuntimePlugin [roughlyenoughitems]/"
[17:21:59] [main/TRACE] [REI] [REIPlugin END] Reloading Section: "reloadable-plugin/ItemComparatorRegistryImpl/DefaultRuntimePlugin of DefaultRuntimePlugin [roughlyenoughitems]/" done in 70.78 μs
[17:21:59] [main/TRACE] [REI] [REIPlugin END] Reloading Section: "reloadable-plugin/ItemComparatorRegistryImpl/" done in 514.6 μs
[17:21:59] [main/TRACE] [REI] [REIPlugin END] Reloading Section: "reloadable-plugin/FluidComparatorRegistryImpl/"
[17:21:59] [main/TRACE] [REI] [REIPlugin END] Reloading Section: "reloadable-plugin/FluidComparatorRegistryImpl/DefaultPluginImpl of DefaultPluginImpl [roughlyenoughitems]/"
[17:21:59] [main/TRACE] [REI] [REIPlugin END] Reloading Section: "reloadable-plugin/FluidComparatorRegistryImpl/DefaultPluginImpl of DefaultPluginImpl [roughlyenoughitems]/" done in 60.74 μs
[17:21:59] [main/TRACE] [REI] [REIPlugin END] Reloading Section: "reloadable-plugin/FluidComparatorRegistryImpl/DefaultRuntimePlugin of DefaultRuntimePlugin [roughlyenoughitems]/"
[17:21:59] [main/TRACE] [REI] [REIPlugin END] Reloading Section: "reloadable-plugin/FluidComparatorRegistryImpl/DefaultRuntimePlugin of DefaultRuntimePlugin [roughlyenoughitems]/" done in 65.11 μs
[17:21:59] [main/TRACE] [REI] [REIPlugin END] Reloading Section: "reloadable-plugin/FluidComparatorRegistryImpl/" done in 499.8 μs
[17:21:59] [main/TRACE] [REI] [REIPlugin END] Reloading Section: "reloadable-plugin/DisplaySerializerRegistryImpl/"
[17:21:59] [main/TRACE] [REI] [REIPlugin END] Reloading Section: "reloadable-plugin/DisplaySerializerRegistryImpl/DefaultPluginImpl of DefaultPluginImpl [roughlyenoughitems]/"
[17:21:59] [main/TRACE] [REI] [REIPlugin END] Reloading Section: "reloadable-plugin/DisplaySerializerRegistryImpl/DefaultPluginImpl of DefaultPluginImpl [roughlyenoughitems]/" done in 15.90 ms
[17:21:59] [main/TRACE] [REI] [REIPlugin END] Reloading Section: "reloadable-plugin/DisplaySerializerRegistryImpl/DefaultRuntimePlugin of DefaultRuntimePlugin [roughlyenoughitems]/"
[17:21:59] [main/TRACE] [REI] [REIPlugin END] Reloading Section: "reloadable-plugin/DisplaySerializerRegistryImpl/DefaultRuntimePlugin of DefaultRuntimePlugin [roughlyenoughitems]/" done in 64.18 μs
[17:21:59] [main/TRACE] [REI] [REIPlugin END] Reloading Section: "reloadable-plugin/DisplaySerializerRegistryImpl/" done in 16.45 ms
[17:21:59] [main/TRACE] [REI] [REIPlugin END] Reloading Section: "reloadable-plugin/FluidSupportProviderImpl/"
[17:21:59] [main/TRACE] [REI] [REIPlugin END] Reloading Section: "reloadable-plugin/FluidSupportProviderImpl/DefaultPluginImpl of DefaultPluginImpl [roughlyenoughitems]/"
[17:21:59] [main/TRACE] [REI] [REIPlugin END] Reloading Section: "reloadable-plugin/FluidSupportProviderImpl/DefaultPluginImpl of DefaultPluginImpl [roughlyenoughitems]/" done in 57.56 μs
[17:21:59] [main/TRACE] [REI] [REIPlugin END] Reloading Section: "reloadable-plugin/FluidSupportProviderImpl/DefaultRuntimePlugin of DefaultRuntimePlugin [roughlyenoughitems]/"
[17:21:59] [main/TRACE] [REI] [REIPlugin END] Reloading Section: "reloadable-plugin/FluidSupportProviderImpl/DefaultRuntimePlugin of DefaultRuntimePlugin [roughlyenoughitems]/" done in 69.99 μs
[17:21:59] [main/TRACE] [REI] [REIPlugin END] Reloading Section: "reloadable-plugin/FluidSupportProviderImpl/" done in 491.4 μs
[17:21:59] [main/DEBUG] [REI] ========================================
[17:21:59] [main/DEBUG] [REI] REIPlugin ending main-reload for END.
[17:21:59] [main/DEBUG] [REI] ========================================
[17:21:59] [main/TRACE] [REI] [REIPlugin END] Reloading Section: "end-reload/"
[17:21:59] [main/TRACE] [REI] [REIPlugin END] Reloading Section: "end-reload/EntryTypeRegistryImpl/"
[17:21:59] [main/TRACE] [REI] [REIPlugin END] Reloading Section: "end-reload/EntryTypeRegistryImpl/" done in 86.62 μs
[17:21:59] [main/TRACE] [REI] [REIPlugin END] Reloading Section: "end-reload/EntrySettingsAdapterRegistryImpl/"
[17:21:59] [main/TRACE] [REI] [REIPlugin END] Reloading Section: "end-reload/EntrySettingsAdapterRegistryImpl/" done in 53.61 μs
[17:21:59] [main/TRACE] [REI] [REIPlugin END] Reloading Section: "end-reload/RecipeManagerContextImpl/"
[17:21:59] [main/TRACE] [REI] [REIPlugin END] Reloading Section: "end-reload/RecipeManagerContextImpl/" done in 46.59 μs
[17:21:59] [main/TRACE] [REI] [REIPlugin END] Reloading Section: "end-reload/ItemComparatorRegistryImpl/"
[17:21:59] [main/TRACE] [REI] [REIPlugin END] Reloading Section: "end-reload/ItemComparatorRegistryImpl/" done in 49.88 μs
[17:21:59] [main/TRACE] [REI] [REIPlugin END] Reloading Section: "end-reload/FluidComparatorRegistryImpl/"
[17:21:59] [main/TRACE] [REI] [REIPlugin END] Reloading Section: "end-reload/FluidComparatorRegistryImpl/" done in 55.16 μs
[17:21:59] [main/TRACE] [REI] [REIPlugin END] Reloading Section: "end-reload/DisplaySerializerRegistryImpl/"
[17:21:59] [main/TRACE] [REI] [REIPlugin END] Reloading Section: "end-reload/DisplaySerializerRegistryImpl/" done in 56.21 μs
[17:21:59] [main/TRACE] [REI] [REIPlugin END] Reloading Section: "end-reload/FluidSupportProviderImpl/"
[17:21:59] [main/TRACE] [REI] [REIPlugin END] Reloading Section: "end-reload/FluidSupportProviderImpl/" done in 76.88 μs
[17:21:59] [main/TRACE] [REI] [REIPlugin END] Reloading Section: "end-reload/" done in 1.442 ms
[17:21:59] [main/DEBUG] [REI] ========================================
[17:21:59] [main/DEBUG] [REI] REIPlugin ended main-reload for END in 27.13 ms.
[17:21:59] [main/DEBUG] [REI] ========================================
[17:21:59] [main/INFO] [REI] ########################################
[17:21:59] [main/INFO] [REI] REIServerPlugin starting main-reload for END.
[17:21:59] [main/DEBUG] [REI] Reloadables (2):
[17:21:59] [main/DEBUG] [REI]  - MenuInfoRegistryImpl
[17:21:59] [main/DEBUG] [REI]  - SlotAccessorRegistryImpl
[17:21:59] [main/INFO] [REI] Plugins (2):
[17:21:59] [main/INFO] [REI]  - (-100.00) DefaultPluginImpl of DefaultPluginImpl [roughlyenoughitems]
[17:21:59] [main/INFO] [REI]  - (0.00) DefaultRuntimePlugin of DefaultRuntimePlugin [roughlyenoughitems]
[17:21:59] [main/INFO] [REI] ########################################
[17:21:59] [main/TRACE] [REI] [REIServerPlugin END] Reloading Section: "start-reload/"
[17:21:59] [main/TRACE] [REI] [REIServerPlugin END] Reloading Section: "start-reload/MenuInfoRegistryImpl/"
[17:21:59] [main/TRACE] [REI] [REIServerPlugin END] Reloading Section: "start-reload/MenuInfoRegistryImpl/" done in 67.68 μs
[17:21:59] [main/TRACE] [REI] [REIServerPlugin END] Reloading Section: "start-reload/SlotAccessorRegistryImpl/"
[17:21:59] [main/TRACE] [REI] [REIServerPlugin END] Reloading Section: "start-reload/SlotAccessorRegistryImpl/" done in 66.06 μs
[17:21:59] [main/TRACE] [REI] [REIServerPlugin END] Reloading Section: "start-reload/" done in 992.5 μs
[17:21:59] [main/DEBUG] [REI] ========================================
[17:21:59] [main/DEBUG] [REI] REIServerPlugin started main-reload for END.
[17:21:59] [main/DEBUG] [REI] ========================================
[17:21:59] [main/TRACE] [REI] [REIServerPlugin END] Reloading Section: "reloadable-plugin/MenuInfoRegistryImpl/"
[17:21:59] [main/TRACE] [REI] [REIServerPlugin END] Reloading Section: "reloadable-plugin/MenuInfoRegistryImpl/DefaultPluginImpl of DefaultPluginImpl [roughlyenoughitems]/"
[17:21:59] [main/TRACE] [REI] [REIServerPlugin END] Reloading Section: "reloadable-plugin/MenuInfoRegistryImpl/DefaultPluginImpl of DefaultPluginImpl [roughlyenoughitems]/" done in 77.50 μs
[17:21:59] [main/TRACE] [REI] [REIServerPlugin END] Reloading Section: "reloadable-plugin/MenuInfoRegistryImpl/DefaultRuntimePlugin of DefaultRuntimePlugin [roughlyenoughitems]/"
[17:21:59] [main/TRACE] [REI] [REIServerPlugin END] Reloading Section: "reloadable-plugin/MenuInfoRegistryImpl/DefaultRuntimePlugin of DefaultRuntimePlugin [roughlyenoughitems]/" done in 76.51 μs
[17:21:59] [main/TRACE] [REI] [REIServerPlugin END] Reloading Section: "reloadable-plugin/MenuInfoRegistryImpl/" done in 559.7 μs
[17:21:59] [main/TRACE] [REI] [REIServerPlugin END] Reloading Section: "reloadable-plugin/SlotAccessorRegistryImpl/"
[17:21:59] [main/TRACE] [REI] [REIServerPlugin END] Reloading Section: "reloadable-plugin/SlotAccessorRegistryImpl/DefaultPluginImpl of DefaultPluginImpl [roughlyenoughitems]/"
[17:21:59] [main/TRACE] [REI] [REIServerPlugin END] Reloading Section: "reloadable-plugin/SlotAccessorRegistryImpl/DefaultPluginImpl of DefaultPluginImpl [roughlyenoughitems]/" done in 99.97 μs
[17:21:59] [main/TRACE] [REI] [REIServerPlugin END] Reloading Section: "reloadable-plugin/SlotAccessorRegistryImpl/DefaultRuntimePlugin of DefaultRuntimePlugin [roughlyenoughitems]/"
[17:21:59] [main/DEBUG] [REI] Added slot accessor serializer: me.shedaniel.rei.plugin.common.runtime.DefaultRuntimePlugin$1@6e0a8447 [roughlyenoughitems:vanilla]
[17:21:59] [main/DEBUG] [REI] Added slot accessor serializer: me.shedaniel.rei.plugin.common.runtime.DefaultRuntimePlugin$2@68ee6549 [roughlyenoughitems:player]
[17:21:59] [main/TRACE] [REI] [REIServerPlugin END] Reloading Section: "reloadable-plugin/SlotAccessorRegistryImpl/DefaultRuntimePlugin of DefaultRuntimePlugin [roughlyenoughitems]/" done in 1.923 ms
[17:21:59] [main/TRACE] [REI] [REIServerPlugin END] Reloading Section: "reloadable-plugin/SlotAccessorRegistryImpl/" done in 2.365 ms
[17:21:59] [main/DEBUG] [REI] ========================================
[17:21:59] [main/DEBUG] [REI] REIServerPlugin ending main-reload for END.
[17:21:59] [main/DEBUG] [REI] ========================================
[17:21:59] [main/TRACE] [REI] [REIServerPlugin END] Reloading Section: "end-reload/"
[17:21:59] [main/TRACE] [REI] [REIServerPlugin END] Reloading Section: "end-reload/MenuInfoRegistryImpl/"
[17:21:59] [main/DEBUG] [REI] Registered 0 menu infos
[17:21:59] [main/TRACE] [REI] [REIServerPlugin END] Reloading Section: "end-reload/MenuInfoRegistryImpl/" done in 180.0 μs
[17:21:59] [main/TRACE] [REI] [REIServerPlugin END] Reloading Section: "end-reload/SlotAccessorRegistryImpl/"
[17:21:59] [main/DEBUG] [REI] Registered 2 slot accessor serializers
[17:21:59] [main/TRACE] [REI] [REIServerPlugin END] Reloading Section: "end-reload/SlotAccessorRegistryImpl/" done in 802.5 μs
[17:21:59] [main/TRACE] [REI] [REIServerPlugin END] Reloading Section: "end-reload/" done in 1.723 ms
[17:21:59] [main/DEBUG] [REI] ========================================
[17:21:59] [main/DEBUG] [REI] REIServerPlugin ended main-reload for END in 8.664 ms.
[17:21:59] [main/DEBUG] [REI] ========================================
[17:21:59] [main/DEBUG] [REI] ========================================
[17:21:59] [main/DEBUG] [REI] REIPlugin starting post-reload for END.
[17:21:59] [main/DEBUG] [REI] Reloadables (7):
[17:21:59] [main/DEBUG] [REI]  - EntryTypeRegistryImpl
[17:21:59] [main/DEBUG] [REI]  - EntrySettingsAdapterRegistryImpl
[17:21:59] [main/DEBUG] [REI]  - RecipeManagerContextImpl
[17:21:59] [main/DEBUG] [REI]  - ItemComparatorRegistryImpl
[17:21:59] [main/DEBUG] [REI]  - FluidComparatorRegistryImpl
[17:21:59] [main/DEBUG] [REI]  - DisplaySerializerRegistryImpl
[17:21:59] [main/DEBUG] [REI]  - FluidSupportProviderImpl
[17:21:59] [main/DEBUG] [REI] Plugins (2):
[17:21:59] [main/DEBUG] [REI]  - (-100.00) DefaultPluginImpl of DefaultPluginImpl [roughlyenoughitems]
[17:21:59] [main/DEBUG] [REI]  - (0.00) DefaultRuntimePlugin of DefaultRuntimePlugin [roughlyenoughitems]
[17:21:59] [main/DEBUG] [REI] ========================================
[17:21:59] [main/TRACE] [REI] [REIPlugin END] Reloading Section: "post-register/"
[17:21:59] [main/TRACE] [REI] [REIPlugin END] Reloading Section: "post-register/DefaultPluginImpl of DefaultPluginImpl [roughlyenoughitems]/"
[17:21:59] [main/TRACE] [REI] [REIPlugin END] Reloading Section: "post-register/DefaultPluginImpl of DefaultPluginImpl [roughlyenoughitems]/" done in 40.59 μs
[17:21:59] [main/TRACE] [REI] [REIPlugin END] Reloading Section: "post-register/DefaultRuntimePlugin of DefaultRuntimePlugin [roughlyenoughitems]/"
[17:21:59] [main/TRACE] [REI] [REIPlugin END] Reloading Section: "post-register/DefaultRuntimePlugin of DefaultRuntimePlugin [roughlyenoughitems]/" done in 40.39 μs
[17:21:59] [main/TRACE] [REI] [REIPlugin END] Reloading Section: "post-register/" done in 318.3 μs
[17:21:59] [main/TRACE] [REI] [REIPlugin END] Reloading Section: "post-stage/"
[17:21:59] [main/TRACE] [REI] [REIPlugin END] Reloading Section: "post-stage/EntryTypeRegistryImpl/"
[17:21:59] [main/TRACE] [REI] [REIPlugin END] Reloading Section: "post-stage/EntryTypeRegistryImpl/" done in 58.56 μs
[17:21:59] [main/TRACE] [REI] [REIPlugin END] Reloading Section: "post-stage/EntrySettingsAdapterRegistryImpl/"
[17:21:59] [main/TRACE] [REI] [REIPlugin END] Reloading Section: "post-stage/EntrySettingsAdapterRegistryImpl/" done in 32.31 μs
[17:21:59] [main/TRACE] [REI] [REIPlugin END] Reloading Section: "post-stage/RecipeManagerContextImpl/"
[17:21:59] [main/TRACE] [REI] [REIPlugin END] Reloading Section: "post-stage/RecipeManagerContextImpl/" done in 30.06 μs
[17:21:59] [main/TRACE] [REI] [REIPlugin END] Reloading Section: "post-stage/ItemComparatorRegistryImpl/"
[17:21:59] [main/TRACE] [REI] [REIPlugin END] Reloading Section: "post-stage/ItemComparatorRegistryImpl/" done in 31.32 μs
[17:21:59] [main/TRACE] [REI] [REIPlugin END] Reloading Section: "post-stage/FluidComparatorRegistryImpl/"
[17:21:59] [main/TRACE] [REI] [REIPlugin END] Reloading Section: "post-stage/FluidComparatorRegistryImpl/" done in 38.98 μs
[17:21:59] [main/TRACE] [REI] [REIPlugin END] Reloading Section: "post-stage/DisplaySerializerRegistryImpl/"
[17:21:59] [main/TRACE] [REI] [REIPlugin END] Reloading Section: "post-stage/DisplaySerializerRegistryImpl/" done in 98.50 μs
[17:21:59] [main/TRACE] [REI] [REIPlugin END] Reloading Section: "post-stage/FluidSupportProviderImpl/"
[17:21:59] [main/TRACE] [REI] [REIPlugin END] Reloading Section: "post-stage/FluidSupportProviderImpl/" done in 58.79 μs
[17:21:59] [main/TRACE] [REI] [REIPlugin END] Reloading Section: "post-stage/" done in 2.478 ms
[17:21:59] [main/DEBUG] [REI] ========================================
[17:21:59] [main/INFO] [REI] REIPlugin finished post-reload for END in 3.017 ms, totaling 32.00 ms.
[17:21:59] [main/DEBUG] [REI] ========================================
[17:21:59] [main/DEBUG] [REI] ========================================
[17:21:59] [main/DEBUG] [REI] REIServerPlugin starting post-reload for END.
[17:21:59] [main/DEBUG] [REI] Reloadables (2):
[17:21:59] [main/DEBUG] [REI]  - MenuInfoRegistryImpl
[17:21:59] [main/DEBUG] [REI]  - SlotAccessorRegistryImpl
[17:21:59] [main/DEBUG] [REI] Plugins (2):
[17:21:59] [main/DEBUG] [REI]  - (-100.00) DefaultPluginImpl of DefaultPluginImpl [roughlyenoughitems]
[17:21:59] [main/DEBUG] [REI]  - (0.00) DefaultRuntimePlugin of DefaultRuntimePlugin [roughlyenoughitems]
[17:21:59] [main/DEBUG] [REI] ========================================
[17:21:59] [main/TRACE] [REI] [REIServerPlugin END] Reloading Section: "post-register/"
[17:21:59] [main/TRACE] [REI] [REIServerPlugin END] Reloading Section: "post-register/DefaultPluginImpl of DefaultPluginImpl [roughlyenoughitems]/"
[17:21:59] [main/TRACE] [REI] [REIServerPlugin END] Reloading Section: "post-register/DefaultPluginImpl of DefaultPluginImpl [roughlyenoughitems]/" done in 63.75 μs
[17:21:59] [main/TRACE] [REI] [REIServerPlugin END] Reloading Section: "post-register/DefaultRuntimePlugin of DefaultRuntimePlugin [roughlyenoughitems]/"
[17:21:59] [main/TRACE] [REI] [REIServerPlugin END] Reloading Section: "post-register/DefaultRuntimePlugin of DefaultRuntimePlugin [roughlyenoughitems]/" done in 57.94 μs
[17:21:59] [main/TRACE] [REI] [REIServerPlugin END] Reloading Section: "post-register/" done in 619.2 μs
[17:21:59] [main/TRACE] [REI] [REIServerPlugin END] Reloading Section: "post-stage/"
[17:21:59] [main/TRACE] [REI] [REIServerPlugin END] Reloading Section: "post-stage/MenuInfoRegistryImpl/"
[17:21:59] [main/TRACE] [REI] [REIServerPlugin END] Reloading Section: "post-stage/MenuInfoRegistryImpl/" done in 34.97 μs
[17:21:59] [main/TRACE] [REI] [REIServerPlugin END] Reloading Section: "post-stage/SlotAccessorRegistryImpl/"
[17:21:59] [main/TRACE] [REI] [REIServerPlugin END] Reloading Section: "post-stage/SlotAccessorRegistryImpl/" done in 60.78 μs
[17:21:59] [main/TRACE] [REI] [REIServerPlugin END] Reloading Section: "post-stage/" done in 502.4 μs
[17:21:59] [main/DEBUG] [REI] ========================================
[17:21:59] [main/INFO] [REI] REIServerPlugin finished post-reload for END in 1.521 ms, totaling 11.14 ms.
[17:21:59] [main/DEBUG] [REI] ========================================
